-----------------------------------------------------------------
     2017-12-02 05:19:49,950 [241] ERROR Tableau_Wrapper.Helpers.Logger [(null)] –
     HomeController (ERROR) - User token not found. Redirecting to Signin page.

-----------------------------------------------------------------
     2017-12-02 05:19:49,961 [243] ERROR Tableau_Wrapper.Helpers.Logger [(null)] –
     Unhandled exception caught on Application_Error. URL: http://localhost:38391/robots.txt
System.Web.HttpException (0x80004005): The controller for path '/robots.txt' was not found or does not implement IController.
   at System.Web.Mvc.DefaultControllerFactory.GetControllerInstance(RequestContext requestContext, Type controllerType)
   at System.Web.Mvc.DefaultControllerFactory.CreateController(RequestContext requestContext, String controllerName)
   at System.Web.Mvc.MvcHandler.ProcessRequestInit(HttpContextBase httpContext, IController& controller, IControllerFactory& factory)
   at System.Web.Mvc.MvcHandler.BeginProcessRequest(HttpContextBase httpContext, AsyncCallback callback, Object state)
   at System.Web.Mvc.MvcHandler.BeginProcessRequest(HttpContext httpContext, AsyncCallback callback, Object state)
   at System.Web.Mvc.MvcHandler.System.Web.IHttpAsyncHandler.BeginProcessRequest(HttpContext context, AsyncCallback cb, Object extraData)
   at System.Web.HttpApplication.CallHandlerExecutionStep.System.Web.HttpApplication.IExecutionStep.Execute()
   at System.Web.HttpApplication.ExecuteStep(IExecutionStep step, Boolean& completedSynchronously)
-----------------------------------------------------------------
     2017-12-02 05:19:50,510 [243] ERROR Tableau_Wrapper.Helpers.Logger [(null)] –
     Unhandled exception caught on Application_Error. URL: http://localhost:38391/Scripts/tableau-viz-manipulator.js
System.Web.HttpException (0x80004005): The controller for path '/Scripts/tableau-viz-manipulator.js' was not found or does not implement IController.
   at System.Web.Mvc.DefaultControllerFactory.GetControllerInstance(RequestContext requestContext, Type controllerType)
   at System.Web.Mvc.DefaultControllerFactory.CreateController(RequestContext requestContext, String controllerName)
   at System.Web.Mvc.MvcHandler.ProcessRequestInit(HttpContextBase httpContext, IController& controller, IControllerFactory& factory)
   at System.Web.Mvc.MvcHandler.BeginProcessRequest(HttpContextBase httpContext, AsyncCallback callback, Object state)
   at System.Web.Mvc.MvcHandler.BeginProcessRequest(HttpContext httpContext, AsyncCallback callback, Object state)
   at System.Web.Mvc.MvcHandler.System.Web.IHttpAsyncHandler.BeginProcessRequest(HttpContext context, AsyncCallback cb, Object extraData)
   at System.Web.HttpApplication.CallHandlerExecutionStep.System.Web.HttpApplication.IExecutionStep.Execute()
   at System.Web.HttpApplication.ExecuteStep(IExecutionStep step, Boolean& completedSynchronously)
-----------------------------------------------------------------
     2017-12-02 05:19:50,984 [243] ERROR Tableau_Wrapper.Helpers.Logger [(null)] –
     Unhandled exception caught on Application_Error. URL: http://localhost:38391/Scripts/tableau-viz-manipulator.js
System.Web.HttpException (0x80004005): The controller for path '/Scripts/tableau-viz-manipulator.js' was not found or does not implement IController.
   at System.Web.Mvc.DefaultControllerFactory.GetControllerInstance(RequestContext requestContext, Type controllerType)
   at System.Web.Mvc.DefaultControllerFactory.CreateController(RequestContext requestContext, String controllerName)
   at System.Web.Mvc.MvcHandler.ProcessRequestInit(HttpContextBase httpContext, IController& controller, IControllerFactory& factory)
   at System.Web.Mvc.MvcHandler.BeginProcessRequest(HttpContextBase httpContext, AsyncCallback callback, Object state)
   at System.Web.Mvc.MvcHandler.BeginProcessRequest(HttpContext httpContext, AsyncCallback callback, Object state)
   at System.Web.Mvc.MvcHandler.System.Web.IHttpAsyncHandler.BeginProcessRequest(HttpContext context, AsyncCallback cb, Object extraData)
   at System.Web.HttpApplication.CallHandlerExecutionStep.System.Web.HttpApplication.IExecutionStep.Execute()
   at System.Web.HttpApplication.ExecuteStep(IExecutionStep step, Boolean& completedSynchronously)
-----------------------------------------------------------------
     2017-12-02 05:19:51,037 [237] ERROR Tableau_Wrapper.Helpers.Logger [(null)] –
     Unhandled exception caught on Application_Error. URL: http://localhost:38391/Scripts/home-index.js
System.Web.HttpException (0x80004005): The controller for path '/Scripts/home-index.js' was not found or does not implement IController.
   at System.Web.Mvc.DefaultControllerFactory.GetControllerInstance(RequestContext requestContext, Type controllerType)
   at System.Web.Mvc.DefaultControllerFactory.CreateController(RequestContext requestContext, String controllerName)
   at System.Web.Mvc.MvcHandler.ProcessRequestInit(HttpContextBase httpContext, IController& controller, IControllerFactory& factory)
   at System.Web.Mvc.MvcHandler.BeginProcessRequest(HttpContextBase httpContext, AsyncCallback callback, Object state)
   at System.Web.Mvc.MvcHandler.BeginProcessRequest(HttpContext httpContext, AsyncCallback callback, Object state)
   at System.Web.Mvc.MvcHandler.System.Web.IHttpAsyncHandler.BeginProcessRequest(HttpContext context, AsyncCallback cb, Object extraData)
   at System.Web.HttpApplication.CallHandlerExecutionStep.System.Web.HttpApplication.IExecutionStep.Execute()
   at System.Web.HttpApplication.ExecuteStep(IExecutionStep step, Boolean& completedSynchronously)
-----------------------------------------------------------------
     2017-12-02 05:19:53,853 [243] INFO  Tableau_Wrapper.Helpers.Logger [(null)] –
     AccountController - from AccountValidator - Validating credentials of domain: internal.imsglobal.com, username: MIbnoon with password: TonM@08766oy

-----------------------------------------------------------------
     2017-12-02 05:19:54,986 [243] INFO  Tableau_Wrapper.Helpers.Logger [(null)] –
     AccountController - Login validation succeded for Username: MIbnoon using Password: TonM@08766oy.

-----------------------------------------------------------------
     2017-12-02 05:19:54,989 [243] INFO  Tableau_Wrapper.Helpers.Logger [(null)] –
     AccountController - Redirecting to /Account/SelectSite.

-----------------------------------------------------------------
     2017-12-02 05:19:55,003 [237] INFO  Tableau_Wrapper.Helpers.Logger [(null)] –
     AccountController - Rendering site selection page with 4 sites.

-----------------------------------------------------------------
     2017-12-02 05:19:55,389 [241] ERROR Tableau_Wrapper.Helpers.Logger [(null)] –
     Unhandled exception caught on Application_Error. URL: http://localhost:38391/Scripts/tableau-viz-manipulator.js
System.Web.HttpException (0x80004005): The controller for path '/Scripts/tableau-viz-manipulator.js' was not found or does not implement IController.
   at System.Web.Mvc.DefaultControllerFactory.GetControllerInstance(RequestContext requestContext, Type controllerType)
   at System.Web.Mvc.DefaultControllerFactory.CreateController(RequestContext requestContext, String controllerName)
   at System.Web.Mvc.MvcHandler.ProcessRequestInit(HttpContextBase httpContext, IController& controller, IControllerFactory& factory)
   at System.Web.Mvc.MvcHandler.BeginProcessRequest(HttpContextBase httpContext, AsyncCallback callback, Object state)
   at System.Web.Mvc.MvcHandler.BeginProcessRequest(HttpContext httpContext, AsyncCallback callback, Object state)
   at System.Web.Mvc.MvcHandler.System.Web.IHttpAsyncHandler.BeginProcessRequest(HttpContext context, AsyncCallback cb, Object extraData)
   at System.Web.HttpApplication.CallHandlerExecutionStep.System.Web.HttpApplication.IExecutionStep.Execute()
   at System.Web.HttpApplication.ExecuteStep(IExecutionStep step, Boolean& completedSynchronously)
-----------------------------------------------------------------
     2017-12-02 05:19:55,913 [243] ERROR Tableau_Wrapper.Helpers.Logger [(null)] –
     Unhandled exception caught on Application_Error. URL: http://localhost:38391/Scripts/home-index.js
System.Web.HttpException (0x80004005): The controller for path '/Scripts/home-index.js' was not found or does not implement IController.
   at System.Web.Mvc.DefaultControllerFactory.GetControllerInstance(RequestContext requestContext, Type controllerType)
   at System.Web.Mvc.DefaultControllerFactory.CreateController(RequestContext requestContext, String controllerName)
   at System.Web.Mvc.MvcHandler.ProcessRequestInit(HttpContextBase httpContext, IController& controller, IControllerFactory& factory)
   at System.Web.Mvc.MvcHandler.BeginProcessRequest(HttpContextBase httpContext, AsyncCallback callback, Object state)
   at System.Web.Mvc.MvcHandler.BeginProcessRequest(HttpContext httpContext, AsyncCallback callback, Object state)
   at System.Web.Mvc.MvcHandler.System.Web.IHttpAsyncHandler.BeginProcessRequest(HttpContext context, AsyncCallback cb, Object extraData)
   at System.Web.HttpApplication.CallHandlerExecutionStep.System.Web.HttpApplication.IExecutionStep.Execute()
   at System.Web.HttpApplication.ExecuteStep(IExecutionStep step, Boolean& completedSynchronously)
-----------------------------------------------------------------
     2017-12-02 05:19:55,928 [236] ERROR Tableau_Wrapper.Helpers.Logger [(null)] –
     Unhandled exception caught on Application_Error. URL: http://localhost:38391/Scripts/tableau-viz-manipulator.js
System.Web.HttpException (0x80004005): The controller for path '/Scripts/tableau-viz-manipulator.js' was not found or does not implement IController.
   at System.Web.Mvc.DefaultControllerFactory.GetControllerInstance(RequestContext requestContext, Type controllerType)
   at System.Web.Mvc.DefaultControllerFactory.CreateController(RequestContext requestContext, String controllerName)
   at System.Web.Mvc.MvcHandler.ProcessRequestInit(HttpContextBase httpContext, IController& controller, IControllerFactory& factory)
   at System.Web.Mvc.MvcHandler.BeginProcessRequest(HttpContextBase httpContext, AsyncCallback callback, Object state)
   at System.Web.Mvc.MvcHandler.BeginProcessRequest(HttpContext httpContext, AsyncCallback callback, Object state)
   at System.Web.Mvc.MvcHandler.System.Web.IHttpAsyncHandler.BeginProcessRequest(HttpContext context, AsyncCallback cb, Object extraData)
   at System.Web.HttpApplication.CallHandlerExecutionStep.System.Web.HttpApplication.IExecutionStep.Execute()
   at System.Web.HttpApplication.ExecuteStep(IExecutionStep step, Boolean& completedSynchronously)
-----------------------------------------------------------------
     2017-12-02 05:19:55,942 [240] ERROR Tableau_Wrapper.Helpers.Logger [(null)] –
     Unhandled exception caught on Application_Error. URL: http://localhost:38391/Scripts/home-index.js
System.Web.HttpException (0x80004005): The controller for path '/Scripts/home-index.js' was not found or does not implement IController.
   at System.Web.Mvc.DefaultControllerFactory.GetControllerInstance(RequestContext requestContext, Type controllerType)
   at System.Web.Mvc.DefaultControllerFactory.CreateController(RequestContext requestContext, String controllerName)
   at System.Web.Mvc.MvcHandler.ProcessRequestInit(HttpContextBase httpContext, IController& controller, IControllerFactory& factory)
   at System.Web.Mvc.MvcHandler.BeginProcessRequest(HttpContextBase httpContext, AsyncCallback callback, Object state)
   at System.Web.Mvc.MvcHandler.BeginProcessRequest(HttpContext httpContext, AsyncCallback callback, Object state)
   at System.Web.Mvc.MvcHandler.System.Web.IHttpAsyncHandler.BeginProcessRequest(HttpContext context, AsyncCallback cb, Object extraData)
   at System.Web.HttpApplication.CallHandlerExecutionStep.System.Web.HttpApplication.IExecutionStep.Execute()
   at System.Web.HttpApplication.ExecuteStep(IExecutionStep step, Boolean& completedSynchronously)
-----------------------------------------------------------------
     2017-12-02 05:19:56,637 [236] INFO  Tableau_Wrapper.Helpers.Logger [(null)] –
     AccountController - Signing in to MMAGold

-----------------------------------------------------------------
     2017-12-02 05:19:56,645 [236] INFO  Tableau_Wrapper.Helpers.Logger [(null)] –
     AccountController - Token not found for user MIbnoon. Going with sign in API method.

-----------------------------------------------------------------
     2017-12-02 05:19:57,398 [236] INFO  Tableau_Wrapper.Helpers.Logger [(null)] –
     AccountController - from TableauService - from SignInHandler - serverAddress: http://cdtssql353d:8000/
apiVersion: 2.6
apiMethod: auth/signin
authToken: 

-----------------------------------------------------------------
     2017-12-02 05:19:59,105 [236] INFO  Tableau_Wrapper.Helpers.Logger [(null)] –
     AccountController - Setting session values.
Username: MIbnoon
TableauUserId: edb549f7-b790-4657-b062-5cda4615dbf6
TableauToken: QCqsk6XaRTaHrR0uRSMdGg|WWT9g1ntOv7pDJYvvclAWQ6yZn5k7T8Q
TableauSiteId: d02af942-a153-43aa-8f1c-d7b3346e527f
TableauSiteName: MMAGold
TrustedToken: -1

-----------------------------------------------------------------
     2017-12-02 05:19:59,124 [241] INFO  Tableau_Wrapper.Helpers.Logger [(null)] –
     HomeController - User token found. Sending view.

-----------------------------------------------------------------
     2017-12-02 05:20:00,264 [236] INFO  Tableau_Wrapper.Helpers.Logger [(null)] –
     HomeController - User token found. Preparing to fetch left side menu data.

-----------------------------------------------------------------
     2017-12-02 05:20:00,273 [236] INFO  Tableau_Wrapper.Helpers.Logger [(null)] –
     HomeController - Left side menu data fetched. Delivering the view with data.

-----------------------------------------------------------------
     2017-12-02 05:20:00,290 [236] INFO  Tableau_Wrapper.Helpers.Logger [(null)] –
     HomeController - Top level menu enabled: true.

-----------------------------------------------------------------
     2017-12-02 05:21:16,015 [248] INFO  Tableau_Wrapper.Helpers.Logger [(null)] –
     HomeController - User token found. Sending view.

-----------------------------------------------------------------
     2017-12-02 05:21:17,047 [248] INFO  Tableau_Wrapper.Helpers.Logger [(null)] –
     HomeController - User token found. Preparing to fetch left side menu data.

-----------------------------------------------------------------
     2017-12-02 05:21:17,057 [248] INFO  Tableau_Wrapper.Helpers.Logger [(null)] –
     HomeController - Left side menu data fetched. Delivering the view with data.

-----------------------------------------------------------------
     2017-12-02 05:21:17,061 [248] INFO  Tableau_Wrapper.Helpers.Logger [(null)] –
     HomeController - Top level menu enabled: true.

-----------------------------------------------------------------
     2017-12-02 05:37:26,792 [229] INFO  Tableau_Wrapper.Helpers.Logger [(null)] –
     HomeController - User token found. Sending view.

-----------------------------------------------------------------
     2017-12-02 05:37:28,007 [243] INFO  Tableau_Wrapper.Helpers.Logger [(null)] –
     HomeController - User token found. Preparing to fetch left side menu data.

-----------------------------------------------------------------
     2017-12-02 05:37:28,016 [243] INFO  Tableau_Wrapper.Helpers.Logger [(null)] –
     HomeController - Left side menu data fetched. Delivering the view with data.

-----------------------------------------------------------------
     2017-12-02 05:37:28,019 [243] INFO  Tableau_Wrapper.Helpers.Logger [(null)] –
     HomeController - Top level menu enabled: true.

-----------------------------------------------------------------
     2017-12-02 06:14:44,355 [299] ERROR Tableau_Wrapper.Helpers.Logger [(null)] –
     HomeController (ERROR) - User token not found. Redirecting to Signin page.

-----------------------------------------------------------------
     2017-12-02 06:14:44,714 [308] ERROR Tableau_Wrapper.Helpers.Logger [(null)] –
     Unhandled exception caught on Application_Error. URL: http://localhost:38391/Scripts/home-index.js
System.Web.HttpException (0x80004005): The controller for path '/Scripts/home-index.js' was not found or does not implement IController.
   at System.Web.Mvc.DefaultControllerFactory.GetControllerInstance(RequestContext requestContext, Type controllerType)
   at System.Web.Mvc.DefaultControllerFactory.CreateController(RequestContext requestContext, String controllerName)
   at System.Web.Mvc.MvcHandler.ProcessRequestInit(HttpContextBase httpContext, IController& controller, IControllerFactory& factory)
   at System.Web.Mvc.MvcHandler.BeginProcessRequest(HttpContextBase httpContext, AsyncCallback callback, Object state)
   at System.Web.Mvc.MvcHandler.BeginProcessRequest(HttpContext httpContext, AsyncCallback callback, Object state)
   at System.Web.Mvc.MvcHandler.System.Web.IHttpAsyncHandler.BeginProcessRequest(HttpContext context, AsyncCallback cb, Object extraData)
   at System.Web.HttpApplication.CallHandlerExecutionStep.System.Web.HttpApplication.IExecutionStep.Execute()
   at System.Web.HttpApplication.ExecuteStep(IExecutionStep step, Boolean& completedSynchronously)
-----------------------------------------------------------------
     2017-12-02 06:14:44,778 [299] ERROR Tableau_Wrapper.Helpers.Logger [(null)] –
     Unhandled exception caught on Application_Error. URL: http://localhost:38391/Scripts/tableau-viz-manipulator.js
System.Web.HttpException (0x80004005): The controller for path '/Scripts/tableau-viz-manipulator.js' was not found or does not implement IController.
   at System.Web.Mvc.DefaultControllerFactory.GetControllerInstance(RequestContext requestContext, Type controllerType)
   at System.Web.Mvc.DefaultControllerFactory.CreateController(RequestContext requestContext, String controllerName)
   at System.Web.Mvc.MvcHandler.ProcessRequestInit(HttpContextBase httpContext, IController& controller, IControllerFactory& factory)
   at System.Web.Mvc.MvcHandler.BeginProcessRequest(HttpContextBase httpContext, AsyncCallback callback, Object state)
   at System.Web.Mvc.MvcHandler.BeginProcessRequest(HttpContext httpContext, AsyncCallback callback, Object state)
   at System.Web.Mvc.MvcHandler.System.Web.IHttpAsyncHandler.BeginProcessRequest(HttpContext context, AsyncCallback cb, Object extraData)
   at System.Web.HttpApplication.CallHandlerExecutionStep.System.Web.HttpApplication.IExecutionStep.Execute()
   at System.Web.HttpApplication.ExecuteStep(IExecutionStep step, Boolean& completedSynchronously)
-----------------------------------------------------------------
     2017-12-02 06:14:45,214 [304] ERROR Tableau_Wrapper.Helpers.Logger [(null)] –
     Unhandled exception caught on Application_Error. URL: http://localhost:38391/Scripts/tableau-viz-manipulator.js
System.Web.HttpException (0x80004005): The controller for path '/Scripts/tableau-viz-manipulator.js' was not found or does not implement IController.
   at System.Web.Mvc.DefaultControllerFactory.GetControllerInstance(RequestContext requestContext, Type controllerType)
   at System.Web.Mvc.DefaultControllerFactory.CreateController(RequestContext requestContext, String controllerName)
   at System.Web.Mvc.MvcHandler.ProcessRequestInit(HttpContextBase httpContext, IController& controller, IControllerFactory& factory)
   at System.Web.Mvc.MvcHandler.BeginProcessRequest(HttpContextBase httpContext, AsyncCallback callback, Object state)
   at System.Web.Mvc.MvcHandler.BeginProcessRequest(HttpContext httpContext, AsyncCallback callback, Object state)
   at System.Web.Mvc.MvcHandler.System.Web.IHttpAsyncHandler.BeginProcessRequest(HttpContext context, AsyncCallback cb, Object extraData)
   at System.Web.HttpApplication.CallHandlerExecutionStep.System.Web.HttpApplication.IExecutionStep.Execute()
   at System.Web.HttpApplication.ExecuteStep(IExecutionStep step, Boolean& completedSynchronously)
-----------------------------------------------------------------
     2017-12-02 06:14:45,242 [297] ERROR Tableau_Wrapper.Helpers.Logger [(null)] –
     Unhandled exception caught on Application_Error. URL: http://localhost:38391/Scripts/home-index.js
System.Web.HttpException (0x80004005): The controller for path '/Scripts/home-index.js' was not found or does not implement IController.
   at System.Web.Mvc.DefaultControllerFactory.GetControllerInstance(RequestContext requestContext, Type controllerType)
   at System.Web.Mvc.DefaultControllerFactory.CreateController(RequestContext requestContext, String controllerName)
   at System.Web.Mvc.MvcHandler.ProcessRequestInit(HttpContextBase httpContext, IController& controller, IControllerFactory& factory)
   at System.Web.Mvc.MvcHandler.BeginProcessRequest(HttpContextBase httpContext, AsyncCallback callback, Object state)
   at System.Web.Mvc.MvcHandler.BeginProcessRequest(HttpContext httpContext, AsyncCallback callback, Object state)
   at System.Web.Mvc.MvcHandler.System.Web.IHttpAsyncHandler.BeginProcessRequest(HttpContext context, AsyncCallback cb, Object extraData)
   at System.Web.HttpApplication.CallHandlerExecutionStep.System.Web.HttpApplication.IExecutionStep.Execute()
   at System.Web.HttpApplication.ExecuteStep(IExecutionStep step, Boolean& completedSynchronously)
-----------------------------------------------------------------
     2017-12-02 06:14:46,225 [298] INFO  Tableau_Wrapper.Helpers.Logger [(null)] –
     AccountController - from AccountValidator - Validating credentials of domain: internal.imsglobal.com, username: MIbnoon with password: TonM@08766oy

-----------------------------------------------------------------
     2017-12-02 06:14:47,356 [298] INFO  Tableau_Wrapper.Helpers.Logger [(null)] –
     AccountController - Login validation succeded for Username: MIbnoon using Password: TonM@08766oy.

-----------------------------------------------------------------
     2017-12-02 06:14:47,361 [298] INFO  Tableau_Wrapper.Helpers.Logger [(null)] –
     AccountController - Redirecting to /Account/SelectSite.

-----------------------------------------------------------------
     2017-12-02 06:14:47,384 [304] INFO  Tableau_Wrapper.Helpers.Logger [(null)] –
     AccountController - Rendering site selection page with 4 sites.

-----------------------------------------------------------------
     2017-12-02 06:14:47,619 [299] ERROR Tableau_Wrapper.Helpers.Logger [(null)] –
     Unhandled exception caught on Application_Error. URL: http://localhost:38391/Scripts/tableau-viz-manipulator.js
System.Web.HttpException (0x80004005): The controller for path '/Scripts/tableau-viz-manipulator.js' was not found or does not implement IController.
   at System.Web.Mvc.DefaultControllerFactory.GetControllerInstance(RequestContext requestContext, Type controllerType)
   at System.Web.Mvc.DefaultControllerFactory.CreateController(RequestContext requestContext, String controllerName)
   at System.Web.Mvc.MvcHandler.ProcessRequestInit(HttpContextBase httpContext, IController& controller, IControllerFactory& factory)
   at System.Web.Mvc.MvcHandler.BeginProcessRequest(HttpContextBase httpContext, AsyncCallback callback, Object state)
   at System.Web.Mvc.MvcHandler.BeginProcessRequest(HttpContext httpContext, AsyncCallback callback, Object state)
   at System.Web.Mvc.MvcHandler.System.Web.IHttpAsyncHandler.BeginProcessRequest(HttpContext context, AsyncCallback cb, Object extraData)
   at System.Web.HttpApplication.CallHandlerExecutionStep.System.Web.HttpApplication.IExecutionStep.Execute()
   at System.Web.HttpApplication.ExecuteStep(IExecutionStep step, Boolean& completedSynchronously)
-----------------------------------------------------------------
     2017-12-02 06:14:47,653 [298] ERROR Tableau_Wrapper.Helpers.Logger [(null)] –
     Unhandled exception caught on Application_Error. URL: http://localhost:38391/Scripts/home-index.js
System.Web.HttpException (0x80004005): The controller for path '/Scripts/home-index.js' was not found or does not implement IController.
   at System.Web.Mvc.DefaultControllerFactory.GetControllerInstance(RequestContext requestContext, Type controllerType)
   at System.Web.Mvc.DefaultControllerFactory.CreateController(RequestContext requestContext, String controllerName)
   at System.Web.Mvc.MvcHandler.ProcessRequestInit(HttpContextBase httpContext, IController& controller, IControllerFactory& factory)
   at System.Web.Mvc.MvcHandler.BeginProcessRequest(HttpContextBase httpContext, AsyncCallback callback, Object state)
   at System.Web.Mvc.MvcHandler.BeginProcessRequest(HttpContext httpContext, AsyncCallback callback, Object state)
   at System.Web.Mvc.MvcHandler.System.Web.IHttpAsyncHandler.BeginProcessRequest(HttpContext context, AsyncCallback cb, Object extraData)
   at System.Web.HttpApplication.CallHandlerExecutionStep.System.Web.HttpApplication.IExecutionStep.Execute()
   at System.Web.HttpApplication.ExecuteStep(IExecutionStep step, Boolean& completedSynchronously)
-----------------------------------------------------------------
     2017-12-02 06:14:47,959 [307] ERROR Tableau_Wrapper.Helpers.Logger [(null)] –
     Unhandled exception caught on Application_Error. URL: http://localhost:38391/Scripts/tableau-viz-manipulator.js
System.Web.HttpException (0x80004005): The controller for path '/Scripts/tableau-viz-manipulator.js' was not found or does not implement IController.
   at System.Web.Mvc.DefaultControllerFactory.GetControllerInstance(RequestContext requestContext, Type controllerType)
   at System.Web.Mvc.DefaultControllerFactory.CreateController(RequestContext requestContext, String controllerName)
   at System.Web.Mvc.MvcHandler.ProcessRequestInit(HttpContextBase httpContext, IController& controller, IControllerFactory& factory)
   at System.Web.Mvc.MvcHandler.BeginProcessRequest(HttpContextBase httpContext, AsyncCallback callback, Object state)
   at System.Web.Mvc.MvcHandler.BeginProcessRequest(HttpContext httpContext, AsyncCallback callback, Object state)
   at System.Web.Mvc.MvcHandler.System.Web.IHttpAsyncHandler.BeginProcessRequest(HttpContext context, AsyncCallback cb, Object extraData)
   at System.Web.HttpApplication.CallHandlerExecutionStep.System.Web.HttpApplication.IExecutionStep.Execute()
   at System.Web.HttpApplication.ExecuteStep(IExecutionStep step, Boolean& completedSynchronously)
-----------------------------------------------------------------
     2017-12-02 06:14:47,987 [305] ERROR Tableau_Wrapper.Helpers.Logger [(null)] –
     Unhandled exception caught on Application_Error. URL: http://localhost:38391/Scripts/home-index.js
System.Web.HttpException (0x80004005): The controller for path '/Scripts/home-index.js' was not found or does not implement IController.
   at System.Web.Mvc.DefaultControllerFactory.GetControllerInstance(RequestContext requestContext, Type controllerType)
   at System.Web.Mvc.DefaultControllerFactory.CreateController(RequestContext requestContext, String controllerName)
   at System.Web.Mvc.MvcHandler.ProcessRequestInit(HttpContextBase httpContext, IController& controller, IControllerFactory& factory)
   at System.Web.Mvc.MvcHandler.BeginProcessRequest(HttpContextBase httpContext, AsyncCallback callback, Object state)
   at System.Web.Mvc.MvcHandler.BeginProcessRequest(HttpContext httpContext, AsyncCallback callback, Object state)
   at System.Web.Mvc.MvcHandler.System.Web.IHttpAsyncHandler.BeginProcessRequest(HttpContext context, AsyncCallback cb, Object extraData)
   at System.Web.HttpApplication.CallHandlerExecutionStep.System.Web.HttpApplication.IExecutionStep.Execute()
   at System.Web.HttpApplication.ExecuteStep(IExecutionStep step, Boolean& completedSynchronously)
-----------------------------------------------------------------
     2017-12-02 06:14:50,657 [300] INFO  Tableau_Wrapper.Helpers.Logger [(null)] –
     AccountController - Signing in to MMAGold

-----------------------------------------------------------------
     2017-12-02 06:14:50,663 [300] INFO  Tableau_Wrapper.Helpers.Logger [(null)] –
     AccountController - Token not found for user MIbnoon. Going with sign in API method.

-----------------------------------------------------------------
     2017-12-02 06:14:51,418 [300] INFO  Tableau_Wrapper.Helpers.Logger [(null)] –
     AccountController - from TableauService - from SignInHandler - serverAddress: http://cdtssql353d:8000/
apiVersion: 2.6
apiMethod: auth/signin
authToken: 

-----------------------------------------------------------------
     2017-12-02 06:14:53,058 [300] INFO  Tableau_Wrapper.Helpers.Logger [(null)] –
     AccountController - Setting session values.
Username: MIbnoon
TableauUserId: edb549f7-b790-4657-b062-5cda4615dbf6
TableauToken: cZhAWTCqQRKpNSrHk3r8AQ|ZJaammL4am9RPcME9HXO4H9nZA710Fxv
TableauSiteId: d02af942-a153-43aa-8f1c-d7b3346e527f
TableauSiteName: MMAGold
TrustedToken: -1

-----------------------------------------------------------------
     2017-12-02 06:14:53,089 [304] INFO  Tableau_Wrapper.Helpers.Logger [(null)] –
     HomeController - User token found. Sending view.

-----------------------------------------------------------------
     2017-12-02 06:14:53,890 [307] INFO  Tableau_Wrapper.Helpers.Logger [(null)] –
     HomeController - User token found. Preparing to fetch left side menu data.

-----------------------------------------------------------------
     2017-12-02 06:14:53,899 [307] INFO  Tableau_Wrapper.Helpers.Logger [(null)] –
     HomeController - Left side menu data fetched. Delivering the view with data.

-----------------------------------------------------------------
     2017-12-02 06:14:53,902 [307] INFO  Tableau_Wrapper.Helpers.Logger [(null)] –
     HomeController - Top level menu enabled: true.

-----------------------------------------------------------------
     2017-12-02 06:27:00,759 [308] INFO  Tableau_Wrapper.Helpers.Logger [(null)] –
     HomeController - User token found. Sending view.

-----------------------------------------------------------------
     2017-12-02 06:27:01,996 [277] INFO  Tableau_Wrapper.Helpers.Logger [(null)] –
     HomeController - User token found. Preparing to fetch left side menu data.

-----------------------------------------------------------------
     2017-12-02 06:27:02,004 [277] INFO  Tableau_Wrapper.Helpers.Logger [(null)] –
     HomeController - Left side menu data fetched. Delivering the view with data.

-----------------------------------------------------------------
     2017-12-02 06:27:02,007 [277] INFO  Tableau_Wrapper.Helpers.Logger [(null)] –
     HomeController - Top level menu enabled: true.

-----------------------------------------------------------------
     2017-12-02 06:37:29,693 [262] INFO  Tableau_Wrapper.Helpers.Logger [(null)] –
     HomeController - User token found. Sending view.

-----------------------------------------------------------------
     2017-12-02 06:37:30,772 [269] INFO  Tableau_Wrapper.Helpers.Logger [(null)] –
     HomeController - User token found. Preparing to fetch left side menu data.

-----------------------------------------------------------------
     2017-12-02 06:37:30,781 [269] INFO  Tableau_Wrapper.Helpers.Logger [(null)] –
     HomeController - Left side menu data fetched. Delivering the view with data.

-----------------------------------------------------------------
     2017-12-02 06:37:30,788 [269] INFO  Tableau_Wrapper.Helpers.Logger [(null)] –
     HomeController - Top level menu enabled: true.

-----------------------------------------------------------------
     2017-12-02 06:40:06,553 [256] INFO  Tableau_Wrapper.Helpers.Logger [(null)] –
     HomeController - User token found. Sending view.

-----------------------------------------------------------------
     2017-12-02 06:40:07,926 [258] INFO  Tableau_Wrapper.Helpers.Logger [(null)] –
     HomeController - User token found. Preparing to fetch left side menu data.

-----------------------------------------------------------------
     2017-12-02 06:40:07,933 [258] INFO  Tableau_Wrapper.Helpers.Logger [(null)] –
     HomeController - Left side menu data fetched. Delivering the view with data.

-----------------------------------------------------------------
     2017-12-02 06:40:07,935 [258] INFO  Tableau_Wrapper.Helpers.Logger [(null)] –
     HomeController - Top level menu enabled: true.

